#
# There is insufficient memory for the Java Runtime Environment to continue.
# Native memory allocation (malloc) failed to allocate 1048576 bytes. Error detail: AllocateHeap
# Possible reasons:
#   The system is out of physical RAM or swap space
#   This process is running with CompressedOops enabled, and the Java Heap may be blocking the growth of the native heap
# Possible solutions:
#   Reduce memory load on the system
#   Increase physical memory or swap space
#   Check if swap backing store is full
#   Decrease Java heap size (-Xmx/-Xms)
#   Decrease number of Java threads
#   Decrease Java thread stack sizes (-Xss)
#   Set larger code cache with -XX:ReservedCodeCacheSize=
#   JVM is running with Unscaled Compressed Oops mode in which the Java heap is
#     placed in the first 4GB address space. The Java Heap base address is the
#     maximum limit for the native heap growth. Please use -XX:HeapBaseMinAddress
#     to set the Java Heap base and to place the Java Heap above 4GB virtual address.
# This output file may be truncated or incomplete.
#
#  Out of Memory Error (allocation.cpp:44), pid=23500, tid=7792
#
# JRE version: OpenJDK Runtime Environment Temurin-21.0.8+9 (21.0.8+9) (build 21.0.8+9-LTS)
# Java VM: OpenJDK 64-Bit Server VM Temurin-21.0.8+9 (21.0.8+9-LTS, mixed mode, sharing, tiered, compressed oops, compressed class ptrs, parallel gc, windows-amd64)
# No core dump will be written. Minidumps are not enabled by default on client versions of Windows
#

---------------  S U M M A R Y ------------

Command Line: --add-modules=ALL-SYSTEM --add-opens=java.base/java.util=ALL-UNNAMED --add-opens=java.base/java.lang=ALL-UNNAMED --add-opens=java.base/sun.nio.fs=ALL-UNNAMED -Declipse.application=org.eclipse.jdt.ls.core.id1 -Dosgi.bundles.defaultStartLevel=4 -Declipse.product=org.eclipse.jdt.ls.core.product -Djava.import.generatesMetadataFilesAtProjectRoot=false -DDetectVMInstallationsJob.disabled=true -Dfile.encoding=utf8 -XX:+UseParallelGC -XX:GCTimeRatio=4 -XX:AdaptiveSizePolicyWeight=90 -Dsun.zip.disableMemoryMapping=true -Xmx2G -Xms100m -Xlog:disable -javaagent:c:\Users\user\.cursor\extensions\redhat.java-1.47.0-win32-x64\lombok\lombok-1.18.39-4050.jar -XX:+HeapDumpOnOutOfMemoryError -XX:HeapDumpPath=c:\Users\user\AppData\Roaming\Cursor\User\workspaceStorage\c066273066cff46ae293cfb713701c35\redhat.java -Daether.dependencyCollector.impl=bf c:\Users\user\.cursor\extensions\redhat.java-1.47.0-win32-x64\server\plugins\org.eclipse.equinox.launcher_1.7.100.v20251014-1222.jar -configuration c:\Users\user\AppData\Roaming\Cursor\User\globalStorage\redhat.java\1.47.0\config_win -data c:\Users\user\AppData\Roaming\Cursor\User\workspaceStorage\c066273066cff46ae293cfb713701c35\redhat.java\jdt_ws --pipe=\\.\pipe\lsp-f2006180be55e14a4ba32b822136c6c3-sock

Host: Intel(R) Core(TM) i5-9300H CPU @ 2.40GHz, 8 cores, 15G,  Windows 11 , 64 bit Build 22621 (10.0.22621.590)
Time: Fri Nov 14 13:22:10 2025 SE Asia Standard Time elapsed time: 13185.021831 seconds (0d 3h 39m 45s)

---------------  T H R E A D  ---------------

Current thread (0x0000025d6a7843d0):  JavaThread "Attach Listener" daemon [_thread_in_vm, id=7792, stack(0x000000e88d600000,0x000000e88d700000) (1024K)]

Stack: [0x000000e88d600000,0x000000e88d700000]
Native frames: (J=compiled Java code, j=interpreted, Vv=VM code, C=native code)
V  [jvm.dll+0x6d2449]
V  [jvm.dll+0x8ae341]
V  [jvm.dll+0x8b08be]
V  [jvm.dll+0x8b0fa3]
V  [jvm.dll+0x280c96]
V  [jvm.dll+0xc0347]
V  [jvm.dll+0x6d2cf9]
V  [jvm.dll+0x131116]
V  [jvm.dll+0x3f2d16]
V  [jvm.dll+0x857e6b]
V  [jvm.dll+0x6d0b0d]
C  [ucrtbase.dll+0x29363]
C  [KERNEL32.DLL+0x1244d]
C  [ntdll.dll+0x5df78]


---------------  P R O C E S S  ---------------

Threads class SMR info:
_java_thread_list=0x0000025d711bd1f0, length=34, elements={
0x0000025d53d1c240, 0x0000025d6a77ddd0, 0x0000025d6a77f770, 0x0000025d6a7814d0,
0x0000025d6a7843d0, 0x0000025d6a7850a0, 0x0000025d6a786330, 0x0000025d6a78cba0,
0x0000025d6a793f40, 0x0000025d6c0ed8c0, 0x0000025d6c25a520, 0x0000025d6c8382a0,
0x0000025d6c42c8f0, 0x0000025d6cb6d850, 0x0000025d6c1bc9e0, 0x0000025d6c2c63c0,
0x0000025d6c989f80, 0x0000025d6c13fd40, 0x0000025d6c142b30, 0x0000025d6c1403d0,
0x0000025d71ccc240, 0x0000025d71cd1e20, 0x0000025d71ccdc80, 0x0000025d71cce9a0,
0x0000025d71ccc8d0, 0x0000025d71cd1100, 0x0000025d71cce310, 0x0000025d71cccf60,
0x0000025d71ccd5f0, 0x0000025d71ccf030, 0x0000025d71ccf6c0, 0x0000025d71ccfd50,
0x0000025d6c5fcdf0, 0x0000025d6c600f90
}

Java Threads: ( => current thread )
  0x0000025d53d1c240 JavaThread "main"                              [_thread_blocked, id=23328, stack(0x000000e88cf00000,0x000000e88d000000) (1024K)]
  0x0000025d6a77ddd0 JavaThread "Reference Handler"          daemon [_thread_blocked, id=8544, stack(0x000000e88d300000,0x000000e88d400000) (1024K)]
  0x0000025d6a77f770 JavaThread "Finalizer"                  daemon [_thread_blocked, id=23516, stack(0x000000e88d400000,0x000000e88d500000) (1024K)]
  0x0000025d6a7814d0 JavaThread "Signal Dispatcher"          daemon [_thread_blocked, id=22688, stack(0x000000e88d500000,0x000000e88d600000) (1024K)]
=>0x0000025d6a7843d0 JavaThread "Attach Listener"            daemon [_thread_in_vm, id=7792, stack(0x000000e88d600000,0x000000e88d700000) (1024K)]
  0x0000025d6a7850a0 JavaThread "Service Thread"             daemon [_thread_blocked, id=23468, stack(0x000000e88d700000,0x000000e88d800000) (1024K)]
  0x0000025d6a786330 JavaThread "Monitor Deflation Thread"   daemon [_thread_blocked, id=23464, stack(0x000000e88d800000,0x000000e88d900000) (1024K)]
  0x0000025d6a78cba0 JavaThread "C2 CompilerThread0"         daemon [_thread_blocked, id=23532, stack(0x000000e88d900000,0x000000e88da00000) (1024K)]
  0x0000025d6a793f40 JavaThread "C1 CompilerThread0"         daemon [_thread_blocked, id=23548, stack(0x000000e88da00000,0x000000e88db00000) (1024K)]
  0x0000025d6c0ed8c0 JavaThread "Common-Cleaner"             daemon [_thread_blocked, id=2292, stack(0x000000e88db00000,0x000000e88dc00000) (1024K)]
  0x0000025d6c25a520 JavaThread "Notification Thread"        daemon [_thread_blocked, id=16404, stack(0x000000e88dc00000,0x000000e88dd00000) (1024K)]
  0x0000025d6c8382a0 JavaThread "Active Thread: Equinox Container: 146b623a-26a0-40b8-a8ef-7f920fe04c1e"        [_thread_blocked, id=22612, stack(0x000000e88e500000,0x000000e88e600000) (1024K)]
  0x0000025d6c42c8f0 JavaThread "Refresh Thread: Equinox Container: 146b623a-26a0-40b8-a8ef-7f920fe04c1e" daemon [_thread_blocked, id=23292, stack(0x000000e88dd00000,0x000000e88de00000) (1024K)]
  0x0000025d6cb6d850 JavaThread "Framework Event Dispatcher: Equinox Container: 146b623a-26a0-40b8-a8ef-7f920fe04c1e" daemon [_thread_blocked, id=23344, stack(0x000000e88e600000,0x000000e88e700000) (1024K)]
  0x0000025d6c1bc9e0 JavaThread "Start Level: Equinox Container: 146b623a-26a0-40b8-a8ef-7f920fe04c1e" daemon [_thread_blocked, id=11420, stack(0x000000e88e700000,0x000000e88e800000) (1024K)]
  0x0000025d6c2c63c0 JavaThread "Bundle File Closer"         daemon [_thread_blocked, id=23520, stack(0x000000e88e900000,0x000000e88ea00000) (1024K)]
  0x0000025d6c989f80 JavaThread "SCR Component Actor"        daemon [_thread_blocked, id=23352, stack(0x000000e88e800000,0x000000e88e900000) (1024K)]
  0x0000025d6c13fd40 JavaThread "Worker-JM"                         [_thread_blocked, id=22176, stack(0x000000e88ec00000,0x000000e88ed00000) (1024K)]
  0x0000025d6c142b30 JavaThread "JNA Cleaner"                daemon [_thread_blocked, id=22024, stack(0x000000e88ea00000,0x000000e88eb00000) (1024K)]
  0x0000025d6c1403d0 JavaThread "Java indexing"              daemon [_thread_blocked, id=22572, stack(0x000000e88ef00000,0x000000e88f000000) (1024K)]
  0x0000025d71ccc240 JavaThread "Thread-1"                   daemon [_thread_in_native, id=23104, stack(0x000000e88f600000,0x000000e88f700000) (1024K)]
  0x0000025d71cd1e20 JavaThread "Thread-2"                   daemon [_thread_in_native, id=15212, stack(0x000000e88f700000,0x000000e88f800000) (1024K)]
  0x0000025d71ccdc80 JavaThread "Thread-3"                   daemon [_thread_in_native, id=22972, stack(0x000000e88f800000,0x000000e88f900000) (1024K)]
  0x0000025d71cce9a0 JavaThread "Thread-4"                   daemon [_thread_in_native, id=13408, stack(0x000000e88f900000,0x000000e88fa00000) (1024K)]
  0x0000025d71ccc8d0 JavaThread "Thread-5"                   daemon [_thread_in_native, id=22660, stack(0x000000e88fa00000,0x000000e88fb00000) (1024K)]
  0x0000025d71cd1100 JavaThread "Thread-6"                   daemon [_thread_in_native, id=23416, stack(0x000000e88fb00000,0x000000e88fc00000) (1024K)]
  0x0000025d71cce310 JavaThread "Thread-7"                   daemon [_thread_in_native, id=22808, stack(0x000000e88fc00000,0x000000e88fd00000) (1024K)]
  0x0000025d71cccf60 JavaThread "Thread-8"                   daemon [_thread_in_native, id=22836, stack(0x000000e88fd00000,0x000000e88fe00000) (1024K)]
  0x0000025d71ccd5f0 JavaThread "Thread-9"                   daemon [_thread_in_native, id=22800, stack(0x000000e88fe00000,0x000000e88ff00000) (1024K)]
  0x0000025d71ccf030 JavaThread "pool-2-thread-1"                   [_thread_blocked, id=23140, stack(0x000000e88ff00000,0x000000e890000000) (1024K)]
  0x0000025d71ccf6c0 JavaThread "WorkspaceEventsHandler"            [_thread_blocked, id=22832, stack(0x000000e890000000,0x000000e890100000) (1024K)]
  0x0000025d71ccfd50 JavaThread "pool-1-thread-1"                   [_thread_blocked, id=1152, stack(0x000000e890100000,0x000000e890200000) (1024K)]
  0x0000025d6c5fcdf0 JavaThread "Worker-18"                         [_thread_blocked, id=4364, stack(0x000000e88cc00000,0x000000e88cd00000) (1024K)]
  0x0000025d6c600f90 JavaThread "Worker-21"                         [_thread_blocked, id=24612, stack(0x000000e88f300000,0x000000e88f400000) (1024K)]
Total: 34

Other Threads:
  0x0000025d53dde5d0 VMThread "VM Thread"                           [id=23540, stack(0x000000e88d200000,0x000000e88d300000) (1024K)]
  0x0000025d53d87fa0 WatcherThread "VM Periodic Task Thread"        [id=23524, stack(0x000000e88d100000,0x000000e88d200000) (1024K)]
  0x0000025d53d390e0 WorkerThread "GC Thread#0"                     [id=720, stack(0x000000e88d000000,0x000000e88d100000) (1024K)]
  0x0000025d6c97a310 WorkerThread "GC Thread#1"                     [id=22580, stack(0x000000e88df00000,0x000000e88e000000) (1024K)]
  0x0000025d6c948d10 WorkerThread "GC Thread#2"                     [id=17832, stack(0x000000e88e000000,0x000000e88e100000) (1024K)]
  0x0000025d6c9490b0 WorkerThread "GC Thread#3"                     [id=22604, stack(0x000000e88e100000,0x000000e88e200000) (1024K)]
  0x0000025d6c949450 WorkerThread "GC Thread#4"                     [id=22616, stack(0x000000e88e200000,0x000000e88e300000) (1024K)]
  0x0000025d6c9497f0 WorkerThread "GC Thread#5"                     [id=18964, stack(0x000000e88e300000,0x000000e88e400000) (1024K)]
  0x0000025d6c949b90 WorkerThread "GC Thread#6"                     [id=12388, stack(0x000000e88e400000,0x000000e88e500000) (1024K)]
  0x0000025d6c42cf50 WorkerThread "GC Thread#7"                     [id=10764, stack(0x000000e88de00000,0x000000e88df00000) (1024K)]
Total: 10

Threads with active compile tasks:
Total: 0

VM state: not at safepoint (normal execution)

VM Mutex/Monitor currently owned by a thread: None

Heap address: 0x0000000080000000, size: 2048 MB, Compressed Oops mode: 32-bit

CDS archive(s) mapped at: [0x0000025d00000000-0x0000025d00ba0000-0x0000025d00ba0000), size 12189696, SharedBaseAddress: 0x0000025d00000000, ArchiveRelocationMode: 1.
Compressed class space mapped at: 0x0000025d01000000-0x0000025d41000000, reserved size: 1073741824
Narrow klass base: 0x0000025d00000000, Narrow klass shift: 0, Narrow klass range: 0x100000000

GC Precious Log:
 CardTable entry size: 512
 CPUs: 8 total, 8 available
 Memory: 16236M
 Large Page Support: Disabled
 NUMA Support: Disabled
 Compressed Oops: Enabled (32-bit)
 Alignments: Space 512K, Generation 512K, Heap 2M
 Heap Min Capacity: 100M
 Heap Initial Capacity: 100M
 Heap Max Capacity: 2G
 Pre-touch: Disabled
 Parallel Workers: 8

Heap:
 PSYoungGen      total 2048K, used 1725K [0x00000000d5580000, 0x00000000d5800000, 0x0000000100000000)
  eden space 1536K, 95% used [0x00000000d5580000,0x00000000d56ef650,0x00000000d5700000)
  from space 512K, 50% used [0x00000000d5780000,0x00000000d57c0000,0x00000000d5800000)
  to   space 512K, 0% used [0x00000000d5700000,0x00000000d5700000,0x00000000d5780000)
 ParOldGen       total 735232K, used 734723K [0x0000000080000000, 0x00000000ace00000, 0x00000000d5580000)
  object space 735232K, 99% used [0x0000000080000000,0x00000000acd80f78,0x00000000ace00000)
 Metaspace       used 72046K, committed 73728K, reserved 1179648K
  class space    used 7091K, committed 7936K, reserved 1048576K

Card table byte_map: [0x0000025d536d0000,0x0000025d53ae0000] _byte_map_base: 0x0000025d532d0000

Marking Bits: (ParMarkBitMap*) 0x00007ffe1668a340
 Begin Bits: [0x0000025d661c0000, 0x0000025d681c0000)
 End Bits:   [0x0000025d681c0000, 0x0000025d6a1c0000)

Polling page: 0x0000025d51c10000

Metaspace:

Usage:
  Non-class:     63.43 MB used.
      Class:      6.92 MB used.
       Both:     70.36 MB used.

Virtual space:
  Non-class space:      128.00 MB reserved,      64.25 MB ( 50%) committed,  2 nodes.
      Class space:        1.00 GB reserved,       7.75 MB ( <1%) committed,  1 nodes.
             Both:        1.12 GB reserved,      72.00 MB (  6%) committed. 

Chunk freelists:
   Non-Class:  15.45 MB
       Class:  8.29 MB
        Both:  23.74 MB

MaxMetaspaceSize: unlimited
CompressedClassSpaceSize: 1.00 GB
Initial GC threshold: 21.00 MB
Current GC threshold: 118.69 MB
CDS: on
 - commit_granule_bytes: 65536.
 - commit_granule_words: 8192.
 - virtual_space_node_default_size: 8388608.
 - enlarge_chunks_in_place: 1.
 - use_allocation_guard: 0.


Internal statistics:

num_allocs_failed_limit: 9.
num_arena_births: 1484.
num_arena_deaths: 414.
num_vsnodes_births: 3.
num_vsnodes_deaths: 0.
num_space_committed: 1152.
num_space_uncommitted: 0.
num_chunks_returned_to_freelist: 491.
num_chunks_taken_from_freelist: 5125.
num_chunk_merges: 135.
num_chunk_splits: 2991.
num_chunks_enlarged: 1659.
num_inconsistent_stats: 0.

CodeHeap 'non-profiled nmethods': size=120000Kb used=16494Kb max_used=16494Kb free=103505Kb
 bounds [0x0000025d5e9e0000, 0x0000025d5fa00000, 0x0000025d65f10000]
CodeHeap 'profiled nmethods': size=120000Kb used=41684Kb max_used=41684Kb free=78315Kb
 bounds [0x0000025d56f10000, 0x0000025d59810000, 0x0000025d5e440000]
CodeHeap 'non-nmethods': size=5760Kb used=1439Kb max_used=1559Kb free=4320Kb
 bounds [0x0000025d5e440000, 0x0000025d5e6b0000, 0x0000025d5e9e0000]
CodeCache: size=245760Kb, used=59617Kb, max_used=59737Kb, free=186140Kb
 total_blobs=17842, nmethods=17094, adapters=650, full_count=0
Compilation: enabled, stopped_count=0, restarted_count=0

Compilation events (20 events):
Event: 9001.867 Thread 0x0000025d6a793f40 19051       3       org.eclipse.core.internal.events.BuildManager$DeltaCache::lambda$0 (7 bytes)
Event: 9001.867 Thread 0x0000025d6a793f40 nmethod 19051 0x0000025d5780cf10 code [0x0000025d5780d0c0, 0x0000025d5780d278]
Event: 10320.177 Thread 0x0000025d6a78cba0 19052       4       java.util.concurrent.locks.AbstractQueuedSynchronizer$ConditionObject::canReacquire (38 bytes)
Event: 10320.180 Thread 0x0000025d6a78cba0 nmethod 19052 0x0000025d5f9f9a90 code [0x0000025d5f9f9c20, 0x0000025d5f9f9d00]
Event: 10345.470 Thread 0x0000025d6a78cba0 19053       4       java.util.concurrent.atomic.AtomicLong::updateAndGet (59 bytes)
Event: 10345.475 Thread 0x0000025d6a78cba0 nmethod 19053 0x0000025d5f9f9e10 code [0x0000025d5f9f9fa0, 0x0000025d5f9fa128]
Event: 10345.475 Thread 0x0000025d6a78cba0 19054       4       org.eclipse.core.internal.jobs.JobManager::lifeTimeInMs (19 bytes)
Event: 10345.475 Thread 0x0000025d6a78cba0 nmethod 19054 0x0000025d5f9fa290 code [0x0000025d5f9fa420, 0x0000025d5f9fa4f0]
Event: 10920.198 Thread 0x0000025d6a793f40 19055       3       java.lang.ClassLoader::getPlatformClassLoader (21 bytes)
Event: 10920.201 Thread 0x0000025d6a793f40 nmethod 19055 0x0000025d5780c990 code [0x0000025d5780cb60, 0x0000025d5780cdf0]
Event: 11036.640 Thread 0x0000025d6a78cba0 19056       4       jdk.internal.misc.InnocuousThread::eraseThreadLocals (23 bytes)
Event: 11036.641 Thread 0x0000025d6a78cba0 nmethod 19056 0x0000025d5f9fa590 code [0x0000025d5f9fa720, 0x0000025d5f9fa7b0]
Event: 12486.540 Thread 0x0000025d6a78cba0 19057       4       java.util.concurrent.TimeUnit::convert (73 bytes)
Event: 12486.543 Thread 0x0000025d6a78cba0 nmethod 19057 0x0000025d5f9fa890 code [0x0000025d5f9faa40, 0x0000025d5f9fabe8]
Event: 12936.599 Thread 0x0000025d6a78cba0 19058       4       java.util.concurrent.ScheduledThreadPoolExecutor::canRunInCurrentRunState (61 bytes)
Event: 12936.601 Thread 0x0000025d6a78cba0 nmethod 19058 0x0000025d5f9fad90 code [0x0000025d5f9faf20, 0x0000025d5f9fafe8]
Event: 13086.065 Thread 0x0000025d6a78cba0 19059       4       java.util.concurrent.locks.AbstractQueuedSynchronizer$Node::clearStatus (12 bytes)
Event: 13086.066 Thread 0x0000025d6a78cba0 nmethod 19059 0x0000025d5f9fb110 code [0x0000025d5f9fb2a0, 0x0000025d5f9fb330]
Event: 13110.333 Thread 0x0000025d6a78cba0 19060   !   4       java.util.concurrent.locks.AbstractQueuedSynchronizer::tryInitializeHead (66 bytes)
Event: 13110.336 Thread 0x0000025d6a78cba0 nmethod 19060 0x0000025d5f9fb410 code [0x0000025d5f9fb5a0, 0x0000025d5f9fb778]

GC Heap History (20 events):
Event: 8840.744 GC heap before
{Heap before GC invocations=1507 (full 4):
 PSYoungGen      total 1536K, used 1216K [0x00000000d5580000, 0x00000000d5800000, 0x0000000100000000)
  eden space 1024K, 100% used [0x00000000d5580000,0x00000000d5680000,0x00000000d5680000)
  from space 512K, 37% used [0x00000000d5780000,0x00000000d57b0000,0x00000000d5800000)
  to   space 512K, 0% used [0x00000000d5700000,0x00000000d5700000,0x00000000d5780000)
 ParOldGen       total 733184K, used 732965K [0x0000000080000000, 0x00000000acc00000, 0x00000000d5580000)
  object space 733184K, 99% used [0x0000000080000000,0x00000000acbc95e0,0x00000000acc00000)
 Metaspace       used 71987K, committed 73664K, reserved 1179648K
  class space    used 7091K, committed 7936K, reserved 1048576K
}
Event: 8840.746 GC heap after
{Heap after GC invocations=1507 (full 4):
 PSYoungGen      total 2048K, used 192K [0x00000000d5580000, 0x00000000d5800000, 0x0000000100000000)
  eden space 1536K, 0% used [0x00000000d5580000,0x00000000d5580000,0x00000000d5700000)
  from space 512K, 37% used [0x00000000d5700000,0x00000000d5730000,0x00000000d5780000)
  to   space 512K, 0% used [0x00000000d5780000,0x00000000d5780000,0x00000000d5800000)
 ParOldGen       total 733184K, used 733061K [0x0000000080000000, 0x00000000acc00000, 0x00000000d5580000)
  object space 733184K, 99% used [0x0000000080000000,0x00000000acbe15e0,0x00000000acc00000)
 Metaspace       used 71987K, committed 73664K, reserved 1179648K
  class space    used 7091K, committed 7936K, reserved 1048576K
}
Event: 8840.755 GC heap before
{Heap before GC invocations=1508 (full 4):
 PSYoungGen      total 2048K, used 1728K [0x00000000d5580000, 0x00000000d5800000, 0x0000000100000000)
  eden space 1536K, 100% used [0x00000000d5580000,0x00000000d5700000,0x00000000d5700000)
  from space 512K, 37% used [0x00000000d5700000,0x00000000d5730000,0x00000000d5780000)
  to   space 512K, 0% used [0x00000000d5780000,0x00000000d5780000,0x00000000d5800000)
 ParOldGen       total 733184K, used 733061K [0x0000000080000000, 0x00000000acc00000, 0x00000000d5580000)
  object space 733184K, 99% used [0x0000000080000000,0x00000000acbe15e0,0x00000000acc00000)
 Metaspace       used 71989K, committed 73664K, reserved 1179648K
  class space    used 7091K, committed 7936K, reserved 1048576K
}
Event: 8840.757 GC heap after
{Heap after GC invocations=1508 (full 4):
 PSYoungGen      total 2048K, used 256K [0x00000000d5580000, 0x00000000d5800000, 0x0000000100000000)
  eden space 1536K, 0% used [0x00000000d5580000,0x00000000d5580000,0x00000000d5700000)
  from space 512K, 50% used [0x00000000d5780000,0x00000000d57c0000,0x00000000d5800000)
  to   space 512K, 0% used [0x00000000d5700000,0x00000000d5700000,0x00000000d5780000)
 ParOldGen       total 733184K, used 733149K [0x0000000080000000, 0x00000000acc00000, 0x00000000d5580000)
  object space 733184K, 99% used [0x0000000080000000,0x00000000acbf7600,0x00000000acc00000)
 Metaspace       used 71989K, committed 73664K, reserved 1179648K
  class space    used 7091K, committed 7936K, reserved 1048576K
}
Event: 8840.768 GC heap before
{Heap before GC invocations=1509 (full 4):
 PSYoungGen      total 2048K, used 1791K [0x00000000d5580000, 0x00000000d5800000, 0x0000000100000000)
  eden space 1536K, 99% used [0x00000000d5580000,0x00000000d56fff98,0x00000000d5700000)
  from space 512K, 50% used [0x00000000d5780000,0x00000000d57c0000,0x00000000d5800000)
  to   space 512K, 0% used [0x00000000d5700000,0x00000000d5700000,0x00000000d5780000)
 ParOldGen       total 733184K, used 733149K [0x0000000080000000, 0x00000000acc00000, 0x00000000d5580000)
  object space 733184K, 99% used [0x0000000080000000,0x00000000acbf7600,0x00000000acc00000)
 Metaspace       used 71990K, committed 73664K, reserved 1179648K
  class space    used 7091K, committed 7936K, reserved 1048576K
}
Event: 8840.771 GC heap after
{Heap after GC invocations=1509 (full 4):
 PSYoungGen      total 2048K, used 352K [0x00000000d5580000, 0x00000000d5800000, 0x0000000100000000)
  eden space 1536K, 0% used [0x00000000d5580000,0x00000000d5580000,0x00000000d5700000)
  from space 512K, 68% used [0x00000000d5700000,0x00000000d5758000,0x00000000d5780000)
  to   space 512K, 0% used [0x00000000d5780000,0x00000000d5780000,0x00000000d5800000)
 ParOldGen       total 733696K, used 733301K [0x0000000080000000, 0x00000000acc80000, 0x00000000d5580000)
  object space 733696K, 99% used [0x0000000080000000,0x00000000acc1d600,0x00000000acc80000)
 Metaspace       used 71990K, committed 73664K, reserved 1179648K
  class space    used 7091K, committed 7936K, reserved 1048576K
}
Event: 8840.779 GC heap before
{Heap before GC invocations=1510 (full 4):
 PSYoungGen      total 2048K, used 1888K [0x00000000d5580000, 0x00000000d5800000, 0x0000000100000000)
  eden space 1536K, 100% used [0x00000000d5580000,0x00000000d5700000,0x00000000d5700000)
  from space 512K, 68% used [0x00000000d5700000,0x00000000d5758000,0x00000000d5780000)
  to   space 512K, 0% used [0x00000000d5780000,0x00000000d5780000,0x00000000d5800000)
 ParOldGen       total 733696K, used 733301K [0x0000000080000000, 0x00000000acc80000, 0x00000000d5580000)
  object space 733696K, 99% used [0x0000000080000000,0x00000000acc1d600,0x00000000acc80000)
 Metaspace       used 71990K, committed 73664K, reserved 1179648K
  class space    used 7091K, committed 7936K, reserved 1048576K
}
Event: 8840.781 GC heap after
{Heap after GC invocations=1510 (full 4):
 PSYoungGen      total 2048K, used 448K [0x00000000d5580000, 0x00000000d5880000, 0x0000000100000000)
  eden space 1536K, 0% used [0x00000000d5580000,0x00000000d5580000,0x00000000d5700000)
  from space 512K, 87% used [0x00000000d5780000,0x00000000d57f0000,0x00000000d5800000)
  to   space 512K, 0% used [0x00000000d5700000,0x00000000d5700000,0x00000000d5780000)
 ParOldGen       total 733696K, used 733505K [0x0000000080000000, 0x00000000acc80000, 0x00000000d5580000)
  object space 733696K, 99% used [0x0000000080000000,0x00000000acc50610,0x00000000acc80000)
 Metaspace       used 71990K, committed 73664K, reserved 1179648K
  class space    used 7091K, committed 7936K, reserved 1048576K
}
Event: 8840.796 GC heap before
{Heap before GC invocations=1511 (full 4):
 PSYoungGen      total 2048K, used 1984K [0x00000000d5580000, 0x00000000d5880000, 0x0000000100000000)
  eden space 1536K, 100% used [0x00000000d5580000,0x00000000d5700000,0x00000000d5700000)
  from space 512K, 87% used [0x00000000d5780000,0x00000000d57f0000,0x00000000d5800000)
  to   space 512K, 0% used [0x00000000d5700000,0x00000000d5700000,0x00000000d5780000)
 ParOldGen       total 733696K, used 733505K [0x0000000080000000, 0x00000000acc80000, 0x00000000d5580000)
  object space 733696K, 99% used [0x0000000080000000,0x00000000acc50610,0x00000000acc80000)
 Metaspace       used 71993K, committed 73664K, reserved 1179648K
  class space    used 7091K, committed 7936K, reserved 1048576K
}
Event: 8840.798 GC heap after
{Heap after GC invocations=1511 (full 4):
 PSYoungGen      total 2048K, used 384K [0x00000000d5580000, 0x00000000d5800000, 0x0000000100000000)
  eden space 1536K, 0% used [0x00000000d5580000,0x00000000d5580000,0x00000000d5700000)
  from space 512K, 75% used [0x00000000d5700000,0x00000000d5760000,0x00000000d5780000)
  to   space 512K, 0% used [0x00000000d5780000,0x00000000d5780000,0x00000000d5800000)
 ParOldGen       total 734208K, used 733825K [0x0000000080000000, 0x00000000acd00000, 0x00000000d5580000)
  object space 734208K, 99% used [0x0000000080000000,0x00000000acca0610,0x00000000acd00000)
 Metaspace       used 71993K, committed 73664K, reserved 1179648K
  class space    used 7091K, committed 7936K, reserved 1048576K
}
Event: 8840.853 GC heap before
{Heap before GC invocations=1512 (full 4):
 PSYoungGen      total 2048K, used 1920K [0x00000000d5580000, 0x00000000d5800000, 0x0000000100000000)
  eden space 1536K, 100% used [0x00000000d5580000,0x00000000d5700000,0x00000000d5700000)
  from space 512K, 75% used [0x00000000d5700000,0x00000000d5760000,0x00000000d5780000)
  to   space 512K, 0% used [0x00000000d5780000,0x00000000d5780000,0x00000000d5800000)
 ParOldGen       total 734208K, used 733825K [0x0000000080000000, 0x00000000acd00000, 0x00000000d5580000)
  object space 734208K, 99% used [0x0000000080000000,0x00000000acca0610,0x00000000acd00000)
 Metaspace       used 72002K, committed 73664K, reserved 1179648K
  class space    used 7091K, committed 7936K, reserved 1048576K
}
Event: 8840.856 GC heap after
{Heap after GC invocations=1512 (full 4):
 PSYoungGen      total 2048K, used 288K [0x00000000d5580000, 0x00000000d5800000, 0x0000000100000000)
  eden space 1536K, 0% used [0x00000000d5580000,0x00000000d5580000,0x00000000d5700000)
  from space 512K, 56% used [0x00000000d5780000,0x00000000d57c8000,0x00000000d5800000)
  to   space 512K, 0% used [0x00000000d5700000,0x00000000d5700000,0x00000000d5780000)
 ParOldGen       total 734208K, used 734081K [0x0000000080000000, 0x00000000acd00000, 0x00000000d5580000)
  object space 734208K, 99% used [0x0000000080000000,0x00000000acce0640,0x00000000acd00000)
 Metaspace       used 72002K, committed 73664K, reserved 1179648K
  class space    used 7091K, committed 7936K, reserved 1048576K
}
Event: 8840.881 GC heap before
{Heap before GC invocations=1513 (full 4):
 PSYoungGen      total 2048K, used 1824K [0x00000000d5580000, 0x00000000d5800000, 0x0000000100000000)
  eden space 1536K, 100% used [0x00000000d5580000,0x00000000d5700000,0x00000000d5700000)
  from space 512K, 56% used [0x00000000d5780000,0x00000000d57c8000,0x00000000d5800000)
  to   space 512K, 0% used [0x00000000d5700000,0x00000000d5700000,0x00000000d5780000)
 ParOldGen       total 734208K, used 734081K [0x0000000080000000, 0x00000000acd00000, 0x00000000d5580000)
  object space 734208K, 99% used [0x0000000080000000,0x00000000acce0640,0x00000000acd00000)
 Metaspace       used 72021K, committed 73664K, reserved 1179648K
  class space    used 7091K, committed 7936K, reserved 1048576K
}
Event: 8840.883 GC heap after
{Heap after GC invocations=1513 (full 4):
 PSYoungGen      total 2048K, used 352K [0x00000000d5580000, 0x00000000d5800000, 0x0000000100000000)
  eden space 1536K, 0% used [0x00000000d5580000,0x00000000d5580000,0x00000000d5700000)
  from space 512K, 68% used [0x00000000d5700000,0x00000000d5758000,0x00000000d5780000)
  to   space 512K, 0% used [0x00000000d5780000,0x00000000d5780000,0x00000000d5800000)
 ParOldGen       total 734720K, used 734273K [0x0000000080000000, 0x00000000acd80000, 0x00000000d5580000)
  object space 734720K, 99% used [0x0000000080000000,0x00000000acd10418,0x00000000acd80000)
 Metaspace       used 72021K, committed 73664K, reserved 1179648K
  class space    used 7091K, committed 7936K, reserved 1048576K
}
Event: 8840.929 GC heap before
{Heap before GC invocations=1514 (full 4):
 PSYoungGen      total 2048K, used 1887K [0x00000000d5580000, 0x00000000d5800000, 0x0000000100000000)
  eden space 1536K, 99% used [0x00000000d5580000,0x00000000d56fffe8,0x00000000d5700000)
  from space 512K, 68% used [0x00000000d5700000,0x00000000d5758000,0x00000000d5780000)
  to   space 512K, 0% used [0x00000000d5780000,0x00000000d5780000,0x00000000d5800000)
 ParOldGen       total 734720K, used 734273K [0x0000000080000000, 0x00000000acd80000, 0x00000000d5580000)
  object space 734720K, 99% used [0x0000000080000000,0x00000000acd10418,0x00000000acd80000)
 Metaspace       used 72029K, committed 73728K, reserved 1179648K
  class space    used 7091K, committed 7936K, reserved 1048576K
}
Event: 8840.932 GC heap after
{Heap after GC invocations=1514 (full 4):
 PSYoungGen      total 2048K, used 352K [0x00000000d5580000, 0x00000000d5800000, 0x0000000100000000)
  eden space 1536K, 0% used [0x00000000d5580000,0x00000000d5580000,0x00000000d5700000)
  from space 512K, 68% used [0x00000000d5780000,0x00000000d57d8000,0x00000000d5800000)
  to   space 512K, 0% used [0x00000000d5700000,0x00000000d5700000,0x00000000d5780000)
 ParOldGen       total 734720K, used 734453K [0x0000000080000000, 0x00000000acd80000, 0x00000000d5580000)
  object space 734720K, 99% used [0x0000000080000000,0x00000000acd3d428,0x00000000acd80000)
 Metaspace       used 72029K, committed 73728K, reserved 1179648K
  class space    used 7091K, committed 7936K, reserved 1048576K
}
Event: 8841.010 GC heap before
{Heap before GC invocations=1515 (full 4):
 PSYoungGen      total 2048K, used 1887K [0x00000000d5580000, 0x00000000d5800000, 0x0000000100000000)
  eden space 1536K, 99% used [0x00000000d5580000,0x00000000d56ffff0,0x00000000d5700000)
  from space 512K, 68% used [0x00000000d5780000,0x00000000d57d8000,0x00000000d5800000)
  to   space 512K, 0% used [0x00000000d5700000,0x00000000d5700000,0x00000000d5780000)
 ParOldGen       total 734720K, used 734453K [0x0000000080000000, 0x00000000acd80000, 0x00000000d5580000)
  object space 734720K, 99% used [0x0000000080000000,0x00000000acd3d428,0x00000000acd80000)
 Metaspace       used 72036K, committed 73728K, reserved 1179648K
  class space    used 7091K, committed 7936K, reserved 1048576K
}
Event: 8841.012 GC heap after
{Heap after GC invocations=1515 (full 4):
 PSYoungGen      total 2048K, used 192K [0x00000000d5580000, 0x00000000d5800000, 0x0000000100000000)
  eden space 1536K, 0% used [0x00000000d5580000,0x00000000d5580000,0x00000000d5700000)
  from space 512K, 37% used [0x00000000d5700000,0x00000000d5730000,0x00000000d5780000)
  to   space 512K, 0% used [0x00000000d5780000,0x00000000d5780000,0x00000000d5800000)
 ParOldGen       total 734720K, used 734648K [0x0000000080000000, 0x00000000acd80000, 0x00000000d5580000)
  object space 734720K, 99% used [0x0000000080000000,0x00000000acd6e170,0x00000000acd80000)
 Metaspace       used 72036K, committed 73728K, reserved 1179648K
  class space    used 7091K, committed 7936K, reserved 1048576K
}
Event: 9001.868 GC heap before
{Heap before GC invocations=1516 (full 4):
 PSYoungGen      total 2048K, used 1727K [0x00000000d5580000, 0x00000000d5800000, 0x0000000100000000)
  eden space 1536K, 99% used [0x00000000d5580000,0x00000000d56ffff0,0x00000000d5700000)
  from space 512K, 37% used [0x00000000d5700000,0x00000000d5730000,0x00000000d5780000)
  to   space 512K, 0% used [0x00000000d5780000,0x00000000d5780000,0x00000000d5800000)
 ParOldGen       total 734720K, used 734648K [0x0000000080000000, 0x00000000acd80000, 0x00000000d5580000)
  object space 734720K, 99% used [0x0000000080000000,0x00000000acd6e170,0x00000000acd80000)
 Metaspace       used 72046K, committed 73728K, reserved 1179648K
  class space    used 7091K, committed 7936K, reserved 1048576K
}
Event: 9001.870 GC heap after
{Heap after GC invocations=1516 (full 4):
 PSYoungGen      total 2048K, used 256K [0x00000000d5580000, 0x00000000d5800000, 0x0000000100000000)
  eden space 1536K, 0% used [0x00000000d5580000,0x00000000d5580000,0x00000000d5700000)
  from space 512K, 50% used [0x00000000d5780000,0x00000000d57c0000,0x00000000d5800000)
  to   space 512K, 0% used [0x00000000d5700000,0x00000000d5700000,0x00000000d5780000)
 ParOldGen       total 735232K, used 734723K [0x0000000080000000, 0x00000000ace00000, 0x00000000d5580000)
  object space 735232K, 99% used [0x0000000080000000,0x00000000acd80f78,0x00000000ace00000)
 Metaspace       used 72046K, committed 73728K, reserved 1179648K
  class space    used 7091K, committed 7936K, reserved 1048576K
}

Dll operation events (10 events):
Event: 0.025 Loaded shared library c:\Users\user\.cursor\extensions\redhat.java-1.47.0-win32-x64\jre\21.0.8-win32-x86_64\bin\java.dll
Event: 0.243 Loaded shared library c:\Users\user\.cursor\extensions\redhat.java-1.47.0-win32-x64\jre\21.0.8-win32-x86_64\bin\zip.dll
Event: 0.295 Loaded shared library C:\Users\user\.cursor\extensions\redhat.java-1.47.0-win32-x64\jre\21.0.8-win32-x86_64\bin\instrument.dll
Event: 0.309 Loaded shared library C:\Users\user\.cursor\extensions\redhat.java-1.47.0-win32-x64\jre\21.0.8-win32-x86_64\bin\net.dll
Event: 0.315 Loaded shared library C:\Users\user\.cursor\extensions\redhat.java-1.47.0-win32-x64\jre\21.0.8-win32-x86_64\bin\nio.dll
Event: 0.323 Loaded shared library C:\Users\user\.cursor\extensions\redhat.java-1.47.0-win32-x64\jre\21.0.8-win32-x86_64\bin\zip.dll
Event: 0.359 Loaded shared library C:\Users\user\.cursor\extensions\redhat.java-1.47.0-win32-x64\jre\21.0.8-win32-x86_64\bin\jimage.dll
Event: 0.811 Loaded shared library c:\Users\user\.cursor\extensions\redhat.java-1.47.0-win32-x64\jre\21.0.8-win32-x86_64\bin\verify.dll
Event: 10.386 Loaded shared library C:\Users\user\AppData\Roaming\Cursor\User\globalStorage\redhat.java\1.47.0\config_win\org.eclipse.equinox.launcher\org.eclipse.equinox.launcher.win32.win32.x86_64_1.2.1400.v20250801-0854\eclipse_11916.dll
Event: 25.019 Loaded shared library C:\Users\user\AppData\Local\Temp\jna-3599307\jna3990291366189679268.dll

Deoptimization events (20 events):
Event: 8839.802 Thread 0x0000025d6c5fe1a0 Uncommon trap: trap_request=0xffffffc6 fr.pc=0x0000025d5f96fc54 relative=0x0000000000001134
Event: 8839.815 Thread 0x0000025d6c5fe1a0 Uncommon trap: reason=bimorphic_or_optimized_type_check action=maybe_recompile pc=0x0000025d5f96fc54 method=org.eclipse.jdt.internal.compiler.lookup.Scope.findMethodInSuperInterfaces(Lorg/eclipse/jdt/internal/compiler/lookup/ReferenceBinding;[CLorg/eclips
Event: 8839.815 Thread 0x0000025d6c5fe1a0 DEOPT PACKING pc=0x0000025d5f96fc54 sp=0x000000e88cefe4b0
Event: 8839.815 Thread 0x0000025d6c5fe1a0 DEOPT UNPACKING pc=0x0000025d5e493aa2 sp=0x000000e88cefe4d8 mode 2
Event: 8839.817 Thread 0x0000025d6c5fe1a0 Uncommon trap: trap_request=0xffffffc6 fr.pc=0x0000025d5f96fc54 relative=0x0000000000001134
Event: 8839.817 Thread 0x0000025d6c5fe1a0 Uncommon trap: reason=bimorphic_or_optimized_type_check action=maybe_recompile pc=0x0000025d5f96fc54 method=org.eclipse.jdt.internal.compiler.lookup.Scope.findMethodInSuperInterfaces(Lorg/eclipse/jdt/internal/compiler/lookup/ReferenceBinding;[CLorg/eclips
Event: 8839.817 Thread 0x0000025d6c5fe1a0 DEOPT PACKING pc=0x0000025d5f96fc54 sp=0x000000e88cefe4b0
Event: 8839.817 Thread 0x0000025d6c5fe1a0 DEOPT UNPACKING pc=0x0000025d5e493aa2 sp=0x000000e88cefe4d8 mode 2
Event: 8839.833 Thread 0x0000025d6c5fe1a0 Uncommon trap: trap_request=0xffffffc6 fr.pc=0x0000025d5ee5a7ac relative=0x000000000000046c
Event: 8839.833 Thread 0x0000025d6c5fe1a0 Uncommon trap: reason=bimorphic_or_optimized_type_check action=maybe_recompile pc=0x0000025d5ee5a7ac method=org.eclipse.jdt.internal.compiler.lookup.ParameterizedTypeBinding.isEquivalentTo(Lorg/eclipse/jdt/internal/compiler/lookup/TypeBinding;)Z @ 17 c2
Event: 8839.833 Thread 0x0000025d6c5fe1a0 DEOPT PACKING pc=0x0000025d5ee5a7ac sp=0x000000e88cefe110
Event: 8839.833 Thread 0x0000025d6c5fe1a0 DEOPT UNPACKING pc=0x0000025d5e493aa2 sp=0x000000e88cefe090 mode 2
Event: 8840.849 Thread 0x0000025d6c1403d0 Uncommon trap: trap_request=0xffffffe4 fr.pc=0x0000025d5f9e7dbc relative=0x00000000000001fc
Event: 8840.849 Thread 0x0000025d6c1403d0 Uncommon trap: reason=range_check action=make_not_entrant pc=0x0000025d5f9e7dbc method=org.eclipse.jdt.internal.compiler.lookup.Scope.getBaseType([C)Lorg/eclipse/jdt/internal/compiler/lookup/TypeBinding; @ 16 c2
Event: 8840.849 Thread 0x0000025d6c1403d0 DEOPT PACKING pc=0x0000025d5f9e7dbc sp=0x000000e88effc7d0
Event: 8840.849 Thread 0x0000025d6c1403d0 DEOPT UNPACKING pc=0x0000025d5e493aa2 sp=0x000000e88effc758 mode 2
Event: 9001.715 Thread 0x0000025d6c5fcdf0 Uncommon trap: trap_request=0xffffff45 fr.pc=0x0000025d5f358948 relative=0x0000000000000a28
Event: 9001.715 Thread 0x0000025d6c5fcdf0 Uncommon trap: reason=unstable_if action=reinterpret pc=0x0000025d5f358948 method=org.eclipse.core.internal.dtree.DeltaDataTree.getData(Lorg/eclipse/core/runtime/IPath;)Ljava/lang/Object; @ 56 c2
Event: 9001.715 Thread 0x0000025d6c5fcdf0 DEOPT PACKING pc=0x0000025d5f358948 sp=0x000000e88ccfe5c0
Event: 9001.715 Thread 0x0000025d6c5fcdf0 DEOPT UNPACKING pc=0x0000025d5e493aa2 sp=0x000000e88ccfe568 mode 2

Classes loaded (20 events):
Event: 8335.415 Loading class jdk/internal/module/IllegalAccessLogger
Event: 8335.415 Loading class jdk/internal/module/IllegalAccessLogger done
Event: 8348.642 Loading class jdk/internal/module/IllegalAccessLogger
Event: 8348.642 Loading class jdk/internal/module/IllegalAccessLogger done
Event: 8396.845 Loading class jdk/internal/module/IllegalAccessLogger
Event: 8396.845 Loading class jdk/internal/module/IllegalAccessLogger done
Event: 8415.509 Loading class jdk/internal/module/IllegalAccessLogger
Event: 8415.509 Loading class jdk/internal/module/IllegalAccessLogger done
Event: 8702.082 Loading class jdk/internal/module/IllegalAccessLogger
Event: 8702.082 Loading class jdk/internal/module/IllegalAccessLogger done
Event: 8724.929 Loading class jdk/internal/module/IllegalAccessLogger
Event: 8724.930 Loading class jdk/internal/module/IllegalAccessLogger done
Event: 8742.126 Loading class jdk/internal/module/IllegalAccessLogger
Event: 8742.126 Loading class jdk/internal/module/IllegalAccessLogger done
Event: 8754.257 Loading class jdk/internal/module/IllegalAccessLogger
Event: 8754.257 Loading class jdk/internal/module/IllegalAccessLogger done
Event: 8838.692 Loading class jdk/internal/module/IllegalAccessLogger
Event: 8838.692 Loading class jdk/internal/module/IllegalAccessLogger done
Event: 8839.670 Loading class jdk/internal/module/IllegalAccessLogger
Event: 8839.670 Loading class jdk/internal/module/IllegalAccessLogger done

Classes unloaded (20 events):
Event: 8258.536 Thread 0x0000025d53dde5d0 Unloading class 0x0000025d0100d800 'java/lang/invoke/LambdaForm$MH+0x0000025d0100d800'
Event: 8258.536 Thread 0x0000025d53dde5d0 Unloading class 0x0000025d0100d400 'java/lang/invoke/LambdaForm$MH+0x0000025d0100d400'
Event: 8258.536 Thread 0x0000025d53dde5d0 Unloading class 0x0000025d0100d000 'java/lang/invoke/LambdaForm$MH+0x0000025d0100d000'
Event: 8258.536 Thread 0x0000025d53dde5d0 Unloading class 0x0000025d0100cc00 'java/lang/invoke/LambdaForm$MH+0x0000025d0100cc00'
Event: 8258.536 Thread 0x0000025d53dde5d0 Unloading class 0x0000025d0100c800 'java/lang/invoke/LambdaForm$BMH+0x0000025d0100c800'
Event: 8258.536 Thread 0x0000025d53dde5d0 Unloading class 0x0000025d0100c000 'java/lang/invoke/LambdaForm$DMH+0x0000025d0100c000'
Event: 8258.536 Thread 0x0000025d53dde5d0 Unloading class 0x0000025d01008c00 'java/lang/invoke/LambdaForm$MH+0x0000025d01008c00'
Event: 8258.536 Thread 0x0000025d53dde5d0 Unloading class 0x0000025d01008800 'java/lang/invoke/LambdaForm$MH+0x0000025d01008800'
Event: 8258.536 Thread 0x0000025d53dde5d0 Unloading class 0x0000025d01008400 'java/lang/invoke/LambdaForm$MH+0x0000025d01008400'
Event: 8258.536 Thread 0x0000025d53dde5d0 Unloading class 0x0000025d01007000 'java/lang/invoke/LambdaForm$MH+0x0000025d01007000'
Event: 8258.536 Thread 0x0000025d53dde5d0 Unloading class 0x0000025d01006800 'java/lang/invoke/LambdaForm$MH+0x0000025d01006800'
Event: 8258.537 Thread 0x0000025d53dde5d0 Unloading class 0x0000025d01006400 'java/lang/invoke/LambdaForm$MH+0x0000025d01006400'
Event: 8258.537 Thread 0x0000025d53dde5d0 Unloading class 0x0000025d01006000 'java/lang/invoke/LambdaForm$MH+0x0000025d01006000'
Event: 8258.537 Thread 0x0000025d53dde5d0 Unloading class 0x0000025d01005c00 'java/lang/invoke/LambdaForm$BMH+0x0000025d01005c00'
Event: 8258.537 Thread 0x0000025d53dde5d0 Unloading class 0x0000025d01004800 'java/lang/invoke/LambdaForm$DMH+0x0000025d01004800'
Event: 8258.537 Thread 0x0000025d53dde5d0 Unloading class 0x0000025d01002800 'java/lang/invoke/LambdaForm$MH+0x0000025d01002800'
Event: 8258.537 Thread 0x0000025d53dde5d0 Unloading class 0x0000025d01002400 'java/lang/invoke/LambdaForm$MH+0x0000025d01002400'
Event: 8258.537 Thread 0x0000025d53dde5d0 Unloading class 0x0000025d01002000 'java/lang/invoke/LambdaForm$MH+0x0000025d01002000'
Event: 8258.537 Thread 0x0000025d53dde5d0 Unloading class 0x0000025d01001800 'java/lang/invoke/LambdaForm$MH+0x0000025d01001800'
Event: 8258.537 Thread 0x0000025d53dde5d0 Unloading class 0x0000025d01000400 'java/lang/invoke/LambdaForm$MH+0x0000025d01000400'

Classes redefined (0 events):
No events

Internal exceptions (20 events):
Event: 8840.841 Thread 0x0000025d6c1403d0 Exception <a 'java/lang/NullPointerException'{0x00000000d560b4b8}> (0x00000000d560b4b8) 
thrown [s\src\hotspot\share\runtime\sharedRuntime.cpp, line 625]
Event: 8840.850 Thread 0x0000025d6c1403d0 Implicit null exception at 0x0000025d594a211b to 0x0000025d594a59a3
Event: 8840.850 Thread 0x0000025d6c1403d0 Exception <a 'java/lang/NullPointerException'{0x00000000d56ccf58}> (0x00000000d56ccf58) 
thrown [s\src\hotspot\share\runtime\sharedRuntime.cpp, line 625]
Event: 8840.850 Thread 0x0000025d6c1403d0 Implicit null exception at 0x0000025d594a211b to 0x0000025d594a59a3
Event: 8840.850 Thread 0x0000025d6c1403d0 Exception <a 'java/lang/NullPointerException'{0x00000000d56cdfb8}> (0x00000000d56cdfb8) 
thrown [s\src\hotspot\share\runtime\sharedRuntime.cpp, line 625]
Event: 8840.850 Thread 0x0000025d6c1403d0 Implicit null exception at 0x0000025d594a211b to 0x0000025d594a59a3
Event: 8840.850 Thread 0x0000025d6c1403d0 Exception <a 'java/lang/NullPointerException'{0x00000000d56cee38}> (0x00000000d56cee38) 
thrown [s\src\hotspot\share\runtime\sharedRuntime.cpp, line 625]
Event: 8840.850 Thread 0x0000025d6c1403d0 Implicit null exception at 0x0000025d594a211b to 0x0000025d594a59a3
Event: 8840.850 Thread 0x0000025d6c1403d0 Exception <a 'java/lang/NullPointerException'{0x00000000d56cfd48}> (0x00000000d56cfd48) 
thrown [s\src\hotspot\share\runtime\sharedRuntime.cpp, line 625]
Event: 8840.850 Thread 0x0000025d6c1403d0 Implicit null exception at 0x0000025d594a211b to 0x0000025d594a59a3
Event: 8840.850 Thread 0x0000025d6c1403d0 Exception <a 'java/lang/NullPointerException'{0x00000000d56d1250}> (0x00000000d56d1250) 
thrown [s\src\hotspot\share\runtime\sharedRuntime.cpp, line 625]
Event: 8840.851 Thread 0x0000025d6c1403d0 Implicit null exception at 0x0000025d594a211b to 0x0000025d594a59a3
Event: 8840.851 Thread 0x0000025d6c1403d0 Exception <a 'java/lang/NullPointerException'{0x00000000d56d2588}> (0x00000000d56d2588) 
thrown [s\src\hotspot\share\runtime\sharedRuntime.cpp, line 625]
Event: 8840.851 Thread 0x0000025d6c1403d0 Implicit null exception at 0x0000025d594a211b to 0x0000025d594a59a3
Event: 8840.851 Thread 0x0000025d6c1403d0 Exception <a 'java/lang/NullPointerException'{0x00000000d56d3820}> (0x00000000d56d3820) 
thrown [s\src\hotspot\share\runtime\sharedRuntime.cpp, line 625]
Event: 8840.851 Thread 0x0000025d6c1403d0 Implicit null exception at 0x0000025d594a211b to 0x0000025d594a59a3
Event: 8840.851 Thread 0x0000025d6c1403d0 Exception <a 'java/lang/NullPointerException'{0x00000000d56d9790}> (0x00000000d56d9790) 
thrown [s\src\hotspot\share\runtime\sharedRuntime.cpp, line 625]
Event: 9001.703 Thread 0x0000025d6c5fcdf0 Exception <a 'sun/nio/fs/WindowsException'{0x00000000d56884b0}> (0x00000000d56884b0) 
thrown [s\src\hotspot\share\prims\jni.cpp, line 520]
Event: 9001.704 Thread 0x0000025d6c5fcdf0 Exception <a 'sun/nio/fs/WindowsException'{0x00000000d5688fc0}> (0x00000000d5688fc0) 
thrown [s\src\hotspot\share\prims\jni.cpp, line 520]
Event: 9001.715 Thread 0x0000025d6c5fcdf0 Implicit null exception at 0x0000025d5f3581f7 to 0x0000025d5f358928

ZGC Phase Switch (0 events):
No events

VM Operations (20 events):
Event: 12750.104 Executing VM operation: HandshakeAllThreads (HandshakeForDeflation)
Event: 12750.104 Executing VM operation: HandshakeAllThreads (HandshakeForDeflation) done
Event: 12750.104 Executing VM operation: RendezvousGCThreads
Event: 12750.104 Executing VM operation: RendezvousGCThreads done
Event: 12810.257 Executing VM operation: HandshakeAllThreads (HandshakeForDeflation)
Event: 12810.257 Executing VM operation: HandshakeAllThreads (HandshakeForDeflation) done
Event: 12810.257 Executing VM operation: RendezvousGCThreads
Event: 12810.257 Executing VM operation: RendezvousGCThreads done
Event: 12870.379 Executing VM operation: HandshakeAllThreads (HandshakeForDeflation)
Event: 12870.379 Executing VM operation: HandshakeAllThreads (HandshakeForDeflation) done
Event: 12870.379 Executing VM operation: RendezvousGCThreads
Event: 12870.379 Executing VM operation: RendezvousGCThreads done
Event: 12930.508 Executing VM operation: HandshakeAllThreads (HandshakeForDeflation)
Event: 12930.508 Executing VM operation: HandshakeAllThreads (HandshakeForDeflation) done
Event: 12930.508 Executing VM operation: RendezvousGCThreads
Event: 12930.508 Executing VM operation: RendezvousGCThreads done
Event: 12990.638 Executing VM operation: HandshakeAllThreads (HandshakeForDeflation)
Event: 12990.638 Executing VM operation: HandshakeAllThreads (HandshakeForDeflation) done
Event: 12990.638 Executing VM operation: RendezvousGCThreads
Event: 12990.638 Executing VM operation: RendezvousGCThreads done

Memory protections (0 events):
No events

Nmethod flushes (20 events):
Event: 8259.277 Thread 0x0000025d53dde5d0 flushing  nmethod 0x0000025d582b8110
Event: 8259.277 Thread 0x0000025d53dde5d0 flushing  nmethod 0x0000025d582be810
Event: 8259.277 Thread 0x0000025d53dde5d0 flushing  nmethod 0x0000025d582c3410
Event: 8259.277 Thread 0x0000025d53dde5d0 flushing  nmethod 0x0000025d582f6110
Event: 8259.277 Thread 0x0000025d53dde5d0 flushing  nmethod 0x0000025d58308210
Event: 8259.277 Thread 0x0000025d53dde5d0 flushing  nmethod 0x0000025d58334a10
Event: 8259.277 Thread 0x0000025d53dde5d0 flushing  nmethod 0x0000025d58384690
Event: 8259.277 Thread 0x0000025d53dde5d0 flushing osr nmethod 0x0000025d58389c90
Event: 8259.277 Thread 0x0000025d53dde5d0 flushing  nmethod 0x0000025d5838b010
Event: 8259.277 Thread 0x0000025d53dde5d0 flushing  nmethod 0x0000025d583d0b90
Event: 8259.277 Thread 0x0000025d53dde5d0 flushing  nmethod 0x0000025d583d1990
Event: 8259.277 Thread 0x0000025d53dde5d0 flushing  nmethod 0x0000025d583d7110
Event: 8259.277 Thread 0x0000025d53dde5d0 flushing  nmethod 0x0000025d5841f890
Event: 8259.277 Thread 0x0000025d53dde5d0 flushing  nmethod 0x0000025d58422d10
Event: 8259.277 Thread 0x0000025d53dde5d0 flushing  nmethod 0x0000025d58423b10
Event: 8259.277 Thread 0x0000025d53dde5d0 flushing  nmethod 0x0000025d58480290
Event: 8259.277 Thread 0x0000025d53dde5d0 flushing  nmethod 0x0000025d58484490
Event: 8259.277 Thread 0x0000025d53dde5d0 flushing  nmethod 0x0000025d58523f10
Event: 8259.277 Thread 0x0000025d53dde5d0 flushing  nmethod 0x0000025d58524c10
Event: 8259.277 Thread 0x0000025d53dde5d0 flushing  nmethod 0x0000025d593c2390

Events (20 events):
Event: 8715.283 Thread 0x0000025d6c5fe1a0 Thread exited: 0x0000025d6c5fe1a0
Event: 8724.749 Thread 0x0000025d6c600900 Thread added: 0x0000025d6c601cb0
Event: 8725.630 Thread 0x0000025d6a793f40 Thread added: 0x0000025d72d34730
Event: 8726.064 Thread 0x0000025d72d34730 Thread exited: 0x0000025d72d34730
Event: 8814.287 Thread 0x0000025d6c600270 Thread exited: 0x0000025d6c600270
Event: 8838.697 Thread 0x0000025d6c600900 Thread added: 0x0000025d6c5fe1a0
Event: 8840.487 Thread 0x0000025d6c600900 Thread added: 0x0000025d6c602340
Event: 8899.896 Thread 0x0000025d6c5fe1a0 Thread exited: 0x0000025d6c5fe1a0
Event: 8900.982 Thread 0x0000025d6c600900 Thread exited: 0x0000025d6c600900
Event: 8902.484 Thread 0x0000025d6c602340 Thread exited: 0x0000025d6c602340
Event: 9001.701 Thread 0x0000025d6c5fcdf0 Thread added: 0x0000025d6c5ff550
Event: 9001.701 Thread 0x0000025d6c5ff550 Thread exited: 0x0000025d6c5ff550
Event: 9001.705 Thread 0x0000025d6c5fcdf0 Thread added: 0x0000025d6c5fe1a0
Event: 9001.705 Thread 0x0000025d6c5fe1a0 Thread exited: 0x0000025d6c5fe1a0
Event: 9024.760 Thread 0x0000025d6c601cb0 Thread exited: 0x0000025d6c601cb0
Event: 9041.971 Thread 0x0000025d6c5fdb10 Thread exited: 0x0000025d6c5fdb10
Event: 9054.034 Thread 0x0000025d6c5fe830 Thread exited: 0x0000025d6c5fe830
Event: 9138.433 Thread 0x0000025d6c601620 Thread exited: 0x0000025d6c601620
Event: 9138.433 Thread 0x0000025d6c5fba40 Thread exited: 0x0000025d6c5fba40
Event: 9139.338 Thread 0x0000025d6c5feec0 Thread exited: 0x0000025d6c5feec0


Dynamic libraries:
0x00007ff651d70000 - 0x00007ff651d7e000 	c:\Users\user\.cursor\extensions\redhat.java-1.47.0-win32-x64\jre\21.0.8-win32-x86_64\bin\java.exe
0x00007ffebda10000 - 0x00007ffebdc24000 	C:\WINDOWS\SYSTEM32\ntdll.dll
0x00007ffebcd70000 - 0x00007ffebce32000 	C:\WINDOWS\System32\KERNEL32.DLL
0x00007ffebb0d0000 - 0x00007ffebb46c000 	C:\WINDOWS\System32\KERNELBASE.dll
0x00007ffebb680000 - 0x00007ffebb791000 	C:\WINDOWS\System32\ucrtbase.dll
0x00007ffe8c920000 - 0x00007ffe8c938000 	c:\Users\user\.cursor\extensions\redhat.java-1.47.0-win32-x64\jre\21.0.8-win32-x86_64\bin\jli.dll
0x00007ffebd1a0000 - 0x00007ffebd34b000 	C:\WINDOWS\System32\USER32.dll
0x00007ffe8c160000 - 0x00007ffe8c17e000 	c:\Users\user\.cursor\extensions\redhat.java-1.47.0-win32-x64\jre\21.0.8-win32-x86_64\bin\VCRUNTIME140.dll
0x00007ffebb650000 - 0x00007ffebb676000 	C:\WINDOWS\System32\win32u.dll
0x00007ffebd350000 - 0x00007ffebd379000 	C:\WINDOWS\System32\GDI32.dll
0x00007ffebb530000 - 0x00007ffebb642000 	C:\WINDOWS\System32\gdi32full.dll
0x00007ffebb030000 - 0x00007ffebb0ca000 	C:\WINDOWS\System32\msvcp_win.dll
0x00007ffea6140000 - 0x00007ffea63ce000 	C:\WINDOWS\WinSxS\amd64_microsoft.windows.common-controls_6595b64144ccf1df_6.0.22621.436_none_a94247dbc10d8414\COMCTL32.dll
0x00007ffebd920000 - 0x00007ffebd9c7000 	C:\WINDOWS\System32\msvcrt.dll
0x00007ffebc6c0000 - 0x00007ffebc6f1000 	C:\WINDOWS\System32\IMM32.DLL
0x00007ffeb44a0000 - 0x00007ffeb44ac000 	c:\Users\user\.cursor\extensions\redhat.java-1.47.0-win32-x64\jre\21.0.8-win32-x86_64\bin\vcruntime140_1.dll
0x00007ffe4ac30000 - 0x00007ffe4acbd000 	c:\Users\user\.cursor\extensions\redhat.java-1.47.0-win32-x64\jre\21.0.8-win32-x86_64\bin\msvcp140.dll
0x00007ffe159d0000 - 0x00007ffe16767000 	c:\Users\user\.cursor\extensions\redhat.java-1.47.0-win32-x64\jre\21.0.8-win32-x86_64\bin\server\jvm.dll
0x00007ffebba00000 - 0x00007ffebbaae000 	C:\WINDOWS\System32\ADVAPI32.dll
0x00007ffebcff0000 - 0x00007ffebd094000 	C:\WINDOWS\System32\sechost.dll
0x00007ffebd800000 - 0x00007ffebd915000 	C:\WINDOWS\System32\RPCRT4.dll
0x00007ffebcf70000 - 0x00007ffebcfe1000 	C:\WINDOWS\System32\WS2_32.dll
0x00007ffeba6e0000 - 0x00007ffeba72d000 	C:\WINDOWS\SYSTEM32\POWRPROF.dll
0x00007ffeb3430000 - 0x00007ffeb343a000 	C:\WINDOWS\SYSTEM32\VERSION.dll
0x00007ffeb3120000 - 0x00007ffeb3154000 	C:\WINDOWS\SYSTEM32\WINMM.dll
0x00007ffeba6c0000 - 0x00007ffeba6d3000 	C:\WINDOWS\SYSTEM32\UMPDC.dll
0x00007ffeb9ed0000 - 0x00007ffeb9ee8000 	C:\WINDOWS\SYSTEM32\kernel.appcore.dll
0x00007ffeb3ef0000 - 0x00007ffeb3efa000 	c:\Users\user\.cursor\extensions\redhat.java-1.47.0-win32-x64\jre\21.0.8-win32-x86_64\bin\jimage.dll
0x00007ffeb88a0000 - 0x00007ffeb8ace000 	C:\WINDOWS\SYSTEM32\DBGHELP.DLL
0x00007ffebc700000 - 0x00007ffebca89000 	C:\WINDOWS\System32\combase.dll
0x00007ffebcc70000 - 0x00007ffebcd47000 	C:\WINDOWS\System32\OLEAUT32.dll
0x00007ffe99a90000 - 0x00007ffe99ac2000 	C:\WINDOWS\SYSTEM32\dbgcore.DLL
0x00007ffebb7a0000 - 0x00007ffebb81b000 	C:\WINDOWS\System32\bcryptPrimitives.dll
0x00007ffeb2130000 - 0x00007ffeb213f000 	c:\Users\user\.cursor\extensions\redhat.java-1.47.0-win32-x64\jre\21.0.8-win32-x86_64\bin\instrument.dll
0x00007ffe8bff0000 - 0x00007ffe8c00f000 	c:\Users\user\.cursor\extensions\redhat.java-1.47.0-win32-x64\jre\21.0.8-win32-x86_64\bin\java.dll
0x00007ffebbed0000 - 0x00007ffebc6ad000 	C:\WINDOWS\System32\SHELL32.dll
0x00007ffeb8eb0000 - 0x00007ffeb9766000 	C:\WINDOWS\SYSTEM32\windows.storage.dll
0x00007ffeb8d70000 - 0x00007ffeb8ead000 	C:\WINDOWS\SYSTEM32\wintypes.dll
0x00007ffebd0a0000 - 0x00007ffebd191000 	C:\WINDOWS\System32\SHCORE.dll
0x00007ffebcbf0000 - 0x00007ffebcc4e000 	C:\WINDOWS\System32\shlwapi.dll
0x00007ffebad80000 - 0x00007ffebada1000 	C:\WINDOWS\SYSTEM32\profapi.dll
0x00007ffe8bb90000 - 0x00007ffe8bba8000 	c:\Users\user\.cursor\extensions\redhat.java-1.47.0-win32-x64\jre\21.0.8-win32-x86_64\bin\zip.dll
0x00007ffe9a510000 - 0x00007ffe9a520000 	C:\Users\user\.cursor\extensions\redhat.java-1.47.0-win32-x64\jre\21.0.8-win32-x86_64\bin\net.dll
0x00007ffeb36b0000 - 0x00007ffeb37df000 	C:\WINDOWS\SYSTEM32\WINHTTP.dll
0x00007ffeba330000 - 0x00007ffeba399000 	C:\WINDOWS\system32\mswsock.dll
0x00007ffe8bb70000 - 0x00007ffe8bb86000 	C:\Users\user\.cursor\extensions\redhat.java-1.47.0-win32-x64\jre\21.0.8-win32-x86_64\bin\nio.dll
0x00007ffe9a4e0000 - 0x00007ffe9a4f0000 	c:\Users\user\.cursor\extensions\redhat.java-1.47.0-win32-x64\jre\21.0.8-win32-x86_64\bin\verify.dll
0x00007ffeb5f90000 - 0x00007ffeb5fd4000 	C:\Users\user\AppData\Roaming\Cursor\User\globalStorage\redhat.java\1.47.0\config_win\org.eclipse.equinox.launcher\org.eclipse.equinox.launcher.win32.win32.x86_64_1.2.1400.v20250801-0854\eclipse_11916.dll
0x00007ffebbca0000 - 0x00007ffebbe3c000 	C:\WINDOWS\System32\ole32.dll
0x00007ffeba5e0000 - 0x00007ffeba5fb000 	C:\WINDOWS\SYSTEM32\CRYPTSP.dll
0x00007ffeb9e40000 - 0x00007ffeb9e75000 	C:\WINDOWS\system32\rsaenh.dll
0x00007ffeba490000 - 0x00007ffeba4b8000 	C:\WINDOWS\SYSTEM32\USERENV.dll
0x00007ffeba820000 - 0x00007ffeba848000 	C:\WINDOWS\SYSTEM32\bcrypt.dll
0x00007ffeba600000 - 0x00007ffeba60c000 	C:\WINDOWS\SYSTEM32\CRYPTBASE.dll
0x00007ffeb99c0000 - 0x00007ffeb99ed000 	C:\WINDOWS\SYSTEM32\IPHLPAPI.DLL
0x00007ffebca90000 - 0x00007ffebca99000 	C:\WINDOWS\System32\NSI.dll
0x00007ffe578b0000 - 0x00007ffe578f9000 	C:\Users\user\AppData\Local\Temp\jna-3599307\jna3990291366189679268.dll
0x00007ffebc6b0000 - 0x00007ffebc6b8000 	C:\WINDOWS\System32\PSAPI.DLL
0x00007ffeb3370000 - 0x00007ffeb3389000 	C:\WINDOWS\SYSTEM32\dhcpcsvc6.DLL
0x00007ffeb3350000 - 0x00007ffeb336f000 	C:\WINDOWS\SYSTEM32\dhcpcsvc.DLL
0x00007ffeb9ef0000 - 0x00007ffeb9f24000 	C:\WINDOWS\SYSTEM32\ntmarta.dll
0x00007ffeb5f20000 - 0x00007ffeb5f58000 	C:\ProgramData\Microsoft\Windows Defender\Platform\4.18.25090.3009-0\MpDetoursCopyAccelerator.dll

JVMTI agents:
c:\Users\user\.cursor\extensions\redhat.java-1.47.0-win32-x64\lombok\lombok-1.18.39-4050.jar path:c:\Users\user\.cursor\extensions\redhat.java-1.47.0-win32-x64\jre\21.0.8-win32-x86_64\bin\instrument.dll, loaded, initialized, instrumentlib options:none

dbghelp: loaded successfully - version: 4.0.5 - missing functions: none
symbol engine: initialized successfully - sym options: 0x614 - pdb path: .;c:\Users\user\.cursor\extensions\redhat.java-1.47.0-win32-x64\jre\21.0.8-win32-x86_64\bin;C:\WINDOWS\SYSTEM32;C:\WINDOWS\WinSxS\amd64_microsoft.windows.common-controls_6595b64144ccf1df_6.0.22621.436_none_a94247dbc10d8414;c:\Users\user\.cursor\extensions\redhat.java-1.47.0-win32-x64\jre\21.0.8-win32-x86_64\bin\server;C:\Users\user\AppData\Roaming\Cursor\User\globalStorage\redhat.java\1.47.0\config_win\org.eclipse.equinox.launcher\org.eclipse.equinox.launcher.win32.win32.x86_64_1.2.1400.v20250801-0854;C:\Users\user\AppData\Local\Temp\jna-3599307;C:\ProgramData\Microsoft\Windows Defender\Platform\4.18.25090.3009-0

VM Arguments:
jvm_args: --add-modules=ALL-SYSTEM --add-opens=java.base/java.util=ALL-UNNAMED --add-opens=java.base/java.lang=ALL-UNNAMED --add-opens=java.base/sun.nio.fs=ALL-UNNAMED -Declipse.application=org.eclipse.jdt.ls.core.id1 -Dosgi.bundles.defaultStartLevel=4 -Declipse.product=org.eclipse.jdt.ls.core.product -Djava.import.generatesMetadataFilesAtProjectRoot=false -DDetectVMInstallationsJob.disabled=true -Dfile.encoding=utf8 -XX:+UseParallelGC -XX:GCTimeRatio=4 -XX:AdaptiveSizePolicyWeight=90 -Dsun.zip.disableMemoryMapping=true -Xmx2G -Xms100m -Xlog:disable -javaagent:c:\Users\user\.cursor\extensions\redhat.java-1.47.0-win32-x64\lombok\lombok-1.18.39-4050.jar -XX:+HeapDumpOnOutOfMemoryError -XX:HeapDumpPath=c:\Users\user\AppData\Roaming\Cursor\User\workspaceStorage\c066273066cff46ae293cfb713701c35\redhat.java -Daether.dependencyCollector.impl=bf 
java_command: c:\Users\user\.cursor\extensions\redhat.java-1.47.0-win32-x64\server\plugins\org.eclipse.equinox.launcher_1.7.100.v20251014-1222.jar -configuration c:\Users\user\AppData\Roaming\Cursor\User\globalStorage\redhat.java\1.47.0\config_win -data c:\Users\user\AppData\Roaming\Cursor\User\workspaceStorage\c066273066cff46ae293cfb713701c35\redhat.java\jdt_ws --pipe=\\.\pipe\lsp-f2006180be55e14a4ba32b822136c6c3-sock
java_class_path (initial): c:\Users\user\.cursor\extensions\redhat.java-1.47.0-win32-x64\server\plugins\org.eclipse.equinox.launcher_1.7.100.v20251014-1222.jar
Launcher Type: SUN_STANDARD

[Global flags]
    uintx AdaptiveSizePolicyWeight                 = 90                                        {product} {command line}
     intx CICompilerCount                          = 4                                         {product} {ergonomic}
    uintx GCTimeRatio                              = 4                                         {product} {command line}
     bool HeapDumpOnOutOfMemoryError               = true                                   {manageable} {command line}
    ccstr HeapDumpPath                             = c:\Users\user\AppData\Roaming\Cursor\User\workspaceStorage\c066273066cff46ae293cfb713701c35\redhat.java         {manageable} {command line}
   size_t InitialHeapSize                          = 104857600                                 {product} {command line}
   size_t MaxHeapSize                              = 2147483648                                {product} {command line}
   size_t MaxNewSize                               = 715653120                                 {product} {ergonomic}
   size_t MinHeapDeltaBytes                        = 524288                                    {product} {ergonomic}
   size_t MinHeapSize                              = 104857600                                 {product} {command line}
   size_t NewSize                                  = 34603008                                  {product} {ergonomic}
    uintx NonNMethodCodeHeapSize                   = 5839372                                {pd product} {ergonomic}
    uintx NonProfiledCodeHeapSize                  = 122909434                              {pd product} {ergonomic}
   size_t OldSize                                  = 70254592                                  {product} {ergonomic}
    uintx ProfiledCodeHeapSize                     = 122909434                              {pd product} {ergonomic}
    uintx ReservedCodeCacheSize                    = 251658240                              {pd product} {ergonomic}
     bool SegmentedCodeCache                       = true                                      {product} {ergonomic}
   size_t SoftMaxHeapSize                          = 2147483648                             {manageable} {ergonomic}
     bool UseCompressedOops                        = true                           {product lp64_product} {ergonomic}
     bool UseLargePagesIndividualAllocation        = false                                  {pd product} {ergonomic}
     bool UseParallelGC                            = true                                      {product} {command line}

Logging:
Log output configuration:
 #0: stdout all=off uptime,level,tags foldmultilines=false
 #1: stderr all=off uptime,level,tags foldmultilines=false

Environment Variables:
JAVA_HOME=C:\Program Files\Java\jdk-21
PATH=C:\Program Files\Common Files\Oracle\Java\javapath;C:\Program Files (x86)\Common Files\Oracle\Java\javapath;C:\Program Files\Eclipse Adoptium\jdk-8.0.382.5-hotspot\bin;C:\ProgramData\Oracle\Java\javapath;C:\Windows\system32;C:\Windows;C:\Windows\System32\Wbem;C:\Windows\System32\WindowsPowerShell\v1.0\;C:\Windows\System32\OpenSSH\;C:\Program Files (x86)\NVIDIA Corporation\PhysX\Common;C:\WINDOWS\system32;C:\WINDOWS;C:\WINDOWS\System32\Wbem;C:\WINDOWS\System32\WindowsPowerShell\v1.0\;C:\WINDOWS\System32\OpenSSH\;C:\Program Files\dotnet\;C:\Program Files\Microsoft SQL Server\Client SDK\ODBC\110\Tools\Binn\;C:\Program Files\Microsoft SQL Server\Client SDK\ODBC\170\Tools\Binn\;C:\Program Files (x86)\Microsoft SQL Server\150\Tools\Binn\;C:\Program Files\Microsoft SQL Server\150\Tools\Binn\;C:\Program Files\Microsoft SQL Server\150\DTS\Binn\;C:\Program Files (x86)\Microsoft SQL Server\150\DTS\Binn\;C:\Program Files\Azure Data Studio\bin;C:\Program Files\OpenVPN\bin;C:\Program Files\Git\cmd;D:\CMSHN - FPT\Semester 7\SDN301m\Environment\mongosh-2.2.6-win32-x64\mongosh-2.2.6-win32-x64\bin;C:\Program Files\NVIDIA Corporation\NVIDIA app\NvDLISR;C:\Program Files\MySQL\MySQL Server 8.0\bin;C:\Program Files\Java\jdk-21\bin;D:\KeySoftOJT\environment\apache-maven-3.9.11-bin\apache-maven-3.9.11\bin;C:\Program Files\nodejs\;C:\Program Files\Cloudflare\Cloudflare WARP\;C:\Program Files\cursor\resources\app\bin;C:\Program Files\Java\jdk-22\bin;C:\Program Files\Common Files\Oracle\Java\javapath;C:\Program Files (x86)\Common Files\Oracle\Java\javapath;C:\Program Files\Eclipse Adoptium\jdk-8.0.382.5-hotspot\bin;C:\ProgramData\Oracle\Java\javapath;C:\Windows\system32;C:\Windows;C:\Windows\System32\Wbem;C:\Windows\System32\WindowsPowerShell\v1.0\;C:\Windows\System32\OpenSSH\;C:\Program Files (x86)\NVIDIA Corporation\PhysX\Common;C:\WINDOWS\system32;C:\WINDOWS;C:\WINDOWS\System32\Wbem;C:\WINDOWS\System32\WindowsPowerShell\v1.0\;C:\WINDOWS\System32\OpenSSH\;C:\Program Files\dotnet\;C:\Program Files\Microsoft SQL Server\Client SDK\ODBC\110\Tools\Binn\;C:\Program Files\Microsoft SQL Server\Client SDK\ODBC\170\Tools\Binn\;C:\Program Files (x86)\Microsoft SQL Server\150\Tools\Binn\;C:\Program Files\Microsoft SQL Server\150\Tools\Binn\;C:\Program Files\Microsoft SQL Server\150\DTS\Binn\;C:\Program Files (x86)\Microsoft SQL Server\150\DTS\Binn\;C:\Program Files\Azure Data Studio\bin;C:\Program Files\OpenVPN\bin;C:\Program Files\;C:\Users\user\AppData\Local\Programs\cursor\resources\app\bin
USERNAME=user
OS=Windows_NT
PROCESSOR_IDENTIFIER=Intel64 Family 6 Model 158 Stepping 13, GenuineIntel
TMP=C:\Users\user\AppData\Local\Temp
TEMP=C:\Users\user\AppData\Local\Temp




Periodic native trim disabled

---------------  S Y S T E M  ---------------

OS:
 Windows 11 , 64 bit Build 22621 (10.0.22621.590)
OS uptime: 0 days 4:13 hours

CPU: total 8 (initial active 8) (4 cores per cpu, 2 threads per core) family 6 model 158 stepping 13 microcode 0xde, cx8, cmov, fxsr, ht, mmx, 3dnowpref, sse, sse2, sse3, ssse3, sse4.1, sse4.2, popcnt, lzcnt, tsc, tscinvbit, avx, avx2, aes, erms, clmul, bmi1, bmi2, adx, fma, vzeroupper, clflush, clflushopt, rdtscp, f16c
Processor Information for the first 8 processors :
  Max Mhz: 2400, Current Mhz: 2400, Mhz Limit: 2400

Memory: 4k page, system-wide physical 16236M (1674M free)
TotalPageFile size 31852M (AvailPageFile size 0M)
current process WorkingSet (physical memory assigned to process): 16M, peak: 968M
current process commit charge ("private bytes"): 1061M, peak: 1062M

vm_info: OpenJDK 64-Bit Server VM (21.0.8+9-LTS) for windows-amd64 JRE (21.0.8+9-LTS), built on 2025-07-15T00:00:00Z by "admin" with MS VC++ 17.7 (VS2022)

END.
